[2026-05-19 13:07:02] local.INFO: Search request (index) {"query":"Fitness center","city_id":null,"subcategory_id":null,"category_id":null} 
[2026-05-19 13:07:02] local.DEBUG: Search SQL {"sql":"select `businesses`.*, (select count(*) from `users` where `businesses`.`claimed_by` = `users`.`id` and exists (select * from `subscriptions` where `users`.`id` = `subscriptions`.`user_id` and `status` = ? and (`ends_at` is null or `ends_at` > ?))) as `has_active_subscription`, businesses.*,
                    CASE WHEN businesses.latitude IS NOT NULL AND businesses.longitude IS NOT NULL THEN (6371 * acos(
                        cos(radians(?)) * cos(radians(businesses.latitude)) * cos(radians(businesses.longitude) - radians(?)) +
                        sin(radians(?)) * sin(radians(businesses.latitude))
                    )) ELSE NULL END as km,
                    CASE WHEN businesses.latitude IS NOT NULL AND businesses.longitude IS NOT NULL AND (6371 * acos(
                        cos(radians(?)) * cos(radians(businesses.latitude)) * cos(radians(businesses.longitude) - radians(?)) +
                        sin(radians(?)) * sin(radians(businesses.latitude))
                    )) <= 5 THEN 0 ELSE 1 END as nearby_subscribed_priority, 
                    businesses.*, 
                    CASE 
                        WHEN businesses.latitude IS NOT NULL AND businesses.longitude IS NOT NULL THEN
                            (6371 * acos(
                                cos(radians(?)) * 
                                cos(radians(businesses.latitude)) * 
                                cos(radians(businesses.longitude) - radians(?)) + 
                                sin(radians(?)) * 
                                sin(radians(businesses.latitude))
                            ))
                        ELSE NULL 
                    END AS actual_distance,
                    CASE 
                        WHEN businesses.latitude IS NOT NULL AND businesses.longitude IS NOT NULL THEN 0
                        ELSE CASE WHEN EXISTS (SELECT 1 FROM area_zipcode az JOIN zipcodes z ON az.zipcode_id = z.id WHERE az.area_id = businesses.area_id AND z.code = ?) THEN 0 WHEN businesses.area_id = ? THEN 1 WHEN areas.city_id = ? THEN 2 WHEN cities.state_id = ? THEN 3 ELSE 4 END
                    END AS location_priority
                 from `businesses` left join `areas` on `businesses`.`area_id` = `areas`.`id` left join `cities` on `areas`.`city_id` = `cities`.`id` where `businesses`.`status` = ? and (`businesses`.`business_name` like ? or `businesses`.`description` like ? or exists (select * from `subcategories` where `businesses`.`subcategory_id` = `subcategories`.`id` and `name` like ?) or exists (select * from `subcategories` where `businesses`.`subcategory_id` = `subcategories`.`id` and exists (select * from `categories` where `subcategories`.`category_id` = `categories`.`id` and `name` like ?)) or exists (select * from `areas` where `businesses`.`area_id` = `areas`.`id` and exists (select * from `cities` where `areas`.`city_id` = `cities`.`id` and `name` like ?))) order by nearby_subscribed_priority ASC,
                    CASE WHEN nearby_subscribed_priority = 0 THEN km
                         WHEN businesses.latitude IS NOT NULL AND businesses.longitude IS NOT NULL THEN km + 70
                         ELSE location_priority + 1000 END ASC, has_active_subscription DESC","bindings":["active","2026-05-19 13:07:02",18.439901852444827,73.90617112261731,18.439901852444827,18.439901852444827,73.90617112261731,18.439901852444827,18.439901852444827,73.90617112261731,18.439901852444827,"411060",447948,69985,100,"active","%Fitness center%","%Fitness center%","%Fitness center%","%Fitness center%","%Fitness center%"]} 
[2026-05-19 13:07:41] local.INFO: Search request (index) {"query":"prakash medical","city_id":null,"subcategory_id":null,"category_id":null} 
[2026-05-19 13:07:41] local.DEBUG: Search SQL {"sql":"select `businesses`.*, (select count(*) from `users` where `businesses`.`claimed_by` = `users`.`id` and exists (select * from `subscriptions` where `users`.`id` = `subscriptions`.`user_id` and `status` = ? and (`ends_at` is null or `ends_at` > ?))) as `has_active_subscription`, businesses.*,
                    CASE WHEN businesses.latitude IS NOT NULL AND businesses.longitude IS NOT NULL THEN (6371 * acos(
                        cos(radians(?)) * cos(radians(businesses.latitude)) * cos(radians(businesses.longitude) - radians(?)) +
                        sin(radians(?)) * sin(radians(businesses.latitude))
                    )) ELSE NULL END as km,
                    CASE WHEN businesses.latitude IS NOT NULL AND businesses.longitude IS NOT NULL AND (6371 * acos(
                        cos(radians(?)) * cos(radians(businesses.latitude)) * cos(radians(businesses.longitude) - radians(?)) +
                        sin(radians(?)) * sin(radians(businesses.latitude))
                    )) <= 5 THEN 0 ELSE 1 END as nearby_subscribed_priority, 
                    businesses.*, 
                    CASE 
                        WHEN businesses.latitude IS NOT NULL AND businesses.longitude IS NOT NULL THEN
                            (6371 * acos(
                                cos(radians(?)) * 
                                cos(radians(businesses.latitude)) * 
                                cos(radians(businesses.longitude) - radians(?)) + 
                                sin(radians(?)) * 
                                sin(radians(businesses.latitude))
                            ))
                        ELSE NULL 
                    END AS actual_distance,
                    CASE 
                        WHEN businesses.latitude IS NOT NULL AND businesses.longitude IS NOT NULL THEN 0
                        ELSE CASE WHEN EXISTS (SELECT 1 FROM area_zipcode az JOIN zipcodes z ON az.zipcode_id = z.id WHERE az.area_id = businesses.area_id AND z.code = ?) THEN 0 WHEN businesses.area_id = ? THEN 1 WHEN areas.city_id = ? THEN 2 WHEN cities.state_id = ? THEN 3 ELSE 4 END
                    END AS location_priority
                 from `businesses` left join `areas` on `businesses`.`area_id` = `areas`.`id` left join `cities` on `areas`.`city_id` = `cities`.`id` where `businesses`.`status` = ? and (`businesses`.`business_name` like ? or `businesses`.`description` like ? or exists (select * from `subcategories` where `businesses`.`subcategory_id` = `subcategories`.`id` and `name` like ?) or exists (select * from `subcategories` where `businesses`.`subcategory_id` = `subcategories`.`id` and exists (select * from `categories` where `subcategories`.`category_id` = `categories`.`id` and `name` like ?)) or exists (select * from `areas` where `businesses`.`area_id` = `areas`.`id` and exists (select * from `cities` where `areas`.`city_id` = `cities`.`id` and `name` like ?))) order by nearby_subscribed_priority ASC,
                    CASE WHEN nearby_subscribed_priority = 0 THEN km
                         WHEN businesses.latitude IS NOT NULL AND businesses.longitude IS NOT NULL THEN km + 70
                         ELSE location_priority + 1000 END ASC, has_active_subscription DESC","bindings":["active","2026-05-19 13:07:41",18.439901852444827,73.90617112261731,18.439901852444827,18.439901852444827,73.90617112261731,18.439901852444827,18.439901852444827,73.90617112261731,18.439901852444827,"411060",447948,69985,100,"active","%prakash medical%","%prakash medical%","%prakash medical%","%prakash medical%","%prakash medical%"]} 
[2026-05-19 13:11:59] local.INFO: Search request (index) {"query":"Fitness center","city_id":null,"subcategory_id":null,"category_id":null} 
[2026-05-19 13:11:59] local.DEBUG: Search SQL {"sql":"select `businesses`.*, (select count(*) from `users` where `businesses`.`claimed_by` = `users`.`id` and exists (select * from `subscriptions` where `users`.`id` = `subscriptions`.`user_id` and `status` = ? and (`ends_at` is null or `ends_at` > ?))) as `has_active_subscription`, businesses.*,
                    CASE WHEN businesses.latitude IS NOT NULL AND businesses.longitude IS NOT NULL THEN (6371 * acos(
                        cos(radians(?)) * cos(radians(businesses.latitude)) * cos(radians(businesses.longitude) - radians(?)) +
                        sin(radians(?)) * sin(radians(businesses.latitude))
                    )) ELSE NULL END as km,
                    CASE WHEN businesses.latitude IS NOT NULL AND businesses.longitude IS NOT NULL AND (6371 * acos(
                        cos(radians(?)) * cos(radians(businesses.latitude)) * cos(radians(businesses.longitude) - radians(?)) +
                        sin(radians(?)) * sin(radians(businesses.latitude))
                    )) <= 5 THEN 0 ELSE 1 END as nearby_subscribed_priority, 
                    businesses.*, 
                    CASE 
                        WHEN businesses.latitude IS NOT NULL AND businesses.longitude IS NOT NULL THEN
                            (6371 * acos(
                                cos(radians(?)) * 
                                cos(radians(businesses.latitude)) * 
                                cos(radians(businesses.longitude) - radians(?)) + 
                                sin(radians(?)) * 
                                sin(radians(businesses.latitude))
                            ))
                        ELSE NULL 
                    END AS actual_distance,
                    CASE 
                        WHEN businesses.latitude IS NOT NULL AND businesses.longitude IS NOT NULL THEN 0
                        ELSE CASE WHEN EXISTS (SELECT 1 FROM area_zipcode az JOIN zipcodes z ON az.zipcode_id = z.id WHERE az.area_id = businesses.area_id AND z.code = ?) THEN 0 WHEN businesses.area_id = ? THEN 1 WHEN areas.city_id = ? THEN 2 WHEN cities.state_id = ? THEN 3 ELSE 4 END
                    END AS location_priority
                 from `businesses` left join `areas` on `businesses`.`area_id` = `areas`.`id` left join `cities` on `areas`.`city_id` = `cities`.`id` where `businesses`.`status` = ? and (`businesses`.`business_name` like ? or `businesses`.`description` like ? or exists (select * from `subcategories` where `businesses`.`subcategory_id` = `subcategories`.`id` and `name` like ?) or exists (select * from `subcategories` where `businesses`.`subcategory_id` = `subcategories`.`id` and exists (select * from `categories` where `subcategories`.`category_id` = `categories`.`id` and `name` like ?)) or exists (select * from `areas` where `businesses`.`area_id` = `areas`.`id` and exists (select * from `cities` where `areas`.`city_id` = `cities`.`id` and `name` like ?))) order by nearby_subscribed_priority ASC,
                    CASE WHEN nearby_subscribed_priority = 0 THEN km
                         WHEN businesses.latitude IS NOT NULL AND businesses.longitude IS NOT NULL THEN km + 70
                         ELSE location_priority + 1000 END ASC, has_active_subscription DESC","bindings":["active","2026-05-19 13:11:59",18.439901852444827,73.90617112261731,18.439901852444827,18.439901852444827,73.90617112261731,18.439901852444827,18.439901852444827,73.90617112261731,18.439901852444827,"411060",447948,69985,100,"active","%Fitness center%","%Fitness center%","%Fitness center%","%Fitness center%","%Fitness center%"]} 
[2026-05-19 13:18:06] local.INFO: Search request (index) {"query":"Fitness center","city_id":null,"subcategory_id":null,"category_id":null} 
[2026-05-19 13:18:06] local.DEBUG: Search SQL {"sql":"select distinct `businesses`.*, (select count(*) from `users` where `businesses`.`claimed_by` = `users`.`id` and exists (select * from `subscriptions` where `users`.`id` = `subscriptions`.`user_id` and `status` = ? and (`ends_at` is null or `ends_at` > ?))) as `has_active_subscription`, businesses.*,
                    CASE WHEN businesses.latitude IS NOT NULL AND businesses.longitude IS NOT NULL THEN (6371 * acos(
                        cos(radians(?)) * cos(radians(businesses.latitude)) * cos(radians(businesses.longitude) - radians(?)) +
                        sin(radians(?)) * sin(radians(businesses.latitude))
                    )) ELSE NULL END as km,
                    CASE WHEN businesses.latitude IS NOT NULL AND businesses.longitude IS NOT NULL AND (6371 * acos(
                        cos(radians(?)) * cos(radians(businesses.latitude)) * cos(radians(businesses.longitude) - radians(?)) +
                        sin(radians(?)) * sin(radians(businesses.latitude))
                    )) <= 5 THEN 0 ELSE 1 END as nearby_subscribed_priority, 
                    businesses.*, 
                    CASE 
                        WHEN businesses.latitude IS NOT NULL AND businesses.longitude IS NOT NULL THEN
                            (6371 * acos(
                                cos(radians(?)) * 
                                cos(radians(businesses.latitude)) * 
                                cos(radians(businesses.longitude) - radians(?)) + 
                                sin(radians(?)) * 
                                sin(radians(businesses.latitude))
                            ))
                        ELSE NULL 
                    END AS actual_distance,
                    CASE 
                        WHEN businesses.latitude IS NOT NULL AND businesses.longitude IS NOT NULL THEN 0
                        ELSE CASE WHEN EXISTS (SELECT 1 FROM area_zipcode az JOIN zipcodes z ON az.zipcode_id = z.id WHERE az.area_id = businesses.area_id AND z.code = ?) THEN 0 WHEN businesses.area_id = ? THEN 1 WHEN areas.city_id = ? THEN 2 WHEN cities.state_id = ? THEN 3 ELSE 4 END
                    END AS location_priority
                 from `businesses` left join `areas` on `businesses`.`area_id` = `areas`.`id` left join `cities` on `areas`.`city_id` = `cities`.`id` where `businesses`.`status` = ? and (`businesses`.`business_name` like ? or `businesses`.`description` like ? or exists (select * from `subcategories` where `businesses`.`subcategory_id` = `subcategories`.`id` and `name` like ?) or exists (select * from `subcategories` where `businesses`.`subcategory_id` = `subcategories`.`id` and exists (select * from `categories` where `subcategories`.`category_id` = `categories`.`id` and `name` like ?)) or exists (select * from `areas` where `businesses`.`area_id` = `areas`.`id` and exists (select * from `cities` where `areas`.`city_id` = `cities`.`id` and `name` like ?))) order by nearby_subscribed_priority ASC,
                    CASE WHEN nearby_subscribed_priority = 0 THEN km
                         WHEN businesses.latitude IS NOT NULL AND businesses.longitude IS NOT NULL THEN km + 70
                         ELSE location_priority + 1000 END ASC, has_active_subscription DESC","bindings":["active","2026-05-19 13:18:06",18.439901852444827,73.90617112261731,18.439901852444827,18.439901852444827,73.90617112261731,18.439901852444827,18.439901852444827,73.90617112261731,18.439901852444827,"411060",447948,69985,100,"active","%Fitness center%","%Fitness center%","%Fitness center%","%Fitness center%","%Fitness center%"]} 
[2026-05-19 13:21:52] local.INFO: Search request (index) {"query":"Fitness center","city_id":null,"subcategory_id":null,"category_id":null} 
[2026-05-19 13:21:58] local.DEBUG: Search Items SQL {"sql":"select distinct `businesses`.*, (select count(*) from `users` where `businesses`.`claimed_by` = `users`.`id` and exists (select * from `subscriptions` where `users`.`id` = `subscriptions`.`user_id` and `status` = ? and (`ends_at` is null or `ends_at` > ?))) as `has_active_subscription`, businesses.*,
                    CASE WHEN businesses.latitude IS NOT NULL AND businesses.longitude IS NOT NULL THEN (6371 * acos(
                        cos(radians(?)) * cos(radians(businesses.latitude)) * cos(radians(businesses.longitude) - radians(?)) +
                        sin(radians(?)) * sin(radians(businesses.latitude))
                    )) ELSE NULL END as km,
                    CASE WHEN businesses.latitude IS NOT NULL AND businesses.longitude IS NOT NULL AND (6371 * acos(
                        cos(radians(?)) * cos(radians(businesses.latitude)) * cos(radians(businesses.longitude) - radians(?)) +
                        sin(radians(?)) * sin(radians(businesses.latitude))
                    )) <= 5 THEN 0 ELSE 1 END as nearby_subscribed_priority, 
                    businesses.*, 
                    CASE 
                        WHEN businesses.latitude IS NOT NULL AND businesses.longitude IS NOT NULL THEN
                            (6371 * acos(
                                cos(radians(?)) * 
                                cos(radians(businesses.latitude)) * 
                                cos(radians(businesses.longitude) - radians(?)) + 
                                sin(radians(?)) * 
                                sin(radians(businesses.latitude))
                            ))
                        ELSE NULL 
                    END AS actual_distance,
                    CASE 
                        WHEN businesses.latitude IS NOT NULL AND businesses.longitude IS NOT NULL THEN 0
                        ELSE CASE WHEN EXISTS (SELECT 1 FROM area_zipcode az JOIN zipcodes z ON az.zipcode_id = z.id WHERE az.area_id = businesses.area_id AND z.code = ?) THEN 0 WHEN businesses.area_id = ? THEN 1 WHEN areas.city_id = ? THEN 2 WHEN cities.state_id = ? THEN 3 ELSE 4 END
                    END AS location_priority
                 from `businesses` left join `areas` on `businesses`.`area_id` = `areas`.`id` left join `cities` on `areas`.`city_id` = `cities`.`id` where `businesses`.`status` = ? and (`businesses`.`business_name` like ? or `businesses`.`description` like ? or exists (select * from `subcategories` where `businesses`.`subcategory_id` = `subcategories`.`id` and `name` like ?) or exists (select * from `subcategories` where `businesses`.`subcategory_id` = `subcategories`.`id` and exists (select * from `categories` where `subcategories`.`category_id` = `categories`.`id` and `name` like ?)) or exists (select * from `areas` where `businesses`.`area_id` = `areas`.`id` and exists (select * from `cities` where `areas`.`city_id` = `cities`.`id` and `name` like ?))) order by nearby_subscribed_priority ASC,
                    CASE WHEN nearby_subscribed_priority = 0 THEN km
                         WHEN businesses.latitude IS NOT NULL AND businesses.longitude IS NOT NULL THEN km + 70
                         ELSE location_priority + 1000 END ASC, has_active_subscription DESC","bindings":["active","2026-05-19 13:21:52",18.439901852444827,73.90617112261731,18.439901852444827,18.439901852444827,73.90617112261731,18.439901852444827,18.439901852444827,73.90617112261731,18.439901852444827,"411060",447948,69985,100,"active","%Fitness center%","%Fitness center%","%Fitness center%","%Fitness center%","%Fitness center%"]} 
[2026-05-19 13:24:59] local.ERROR: PHP Parse error: Syntax error, unexpected T_NS_SEPARATOR on line 2 {"exception":"[object] (Psy\\Exception\\ParseErrorException(code: 0): PHP Parse error: Syntax error, unexpected T_NS_SEPARATOR on line 2 at C:\\xampp\\htdocs\\YCcenter\\vendor\\psy\\psysh\\src\\Exception\\ParseErrorException.php:44)
[stacktrace]
#0 C:\\xampp\\htdocs\\YCcenter\\vendor\\psy\\psysh\\src\\CodeCleaner.php(333): Psy\\Exception\\ParseErrorException::fromParseError(Object(PhpParser\\Error))
#1 C:\\xampp\\htdocs\\YCcenter\\vendor\\psy\\psysh\\src\\CodeCleaner.php(262): Psy\\CodeCleaner->parse('<?php \\n\\\\ = \\\\App...', false)
#2 C:\\xampp\\htdocs\\YCcenter\\vendor\\psy\\psysh\\src\\Shell.php(848): Psy\\CodeCleaner->clean(Array, false)
#3 C:\\xampp\\htdocs\\YCcenter\\vendor\\psy\\psysh\\src\\Shell.php(877): Psy\\Shell->addCode('\\n\\\\ = \\\\App\\\\Model...', true)
#4 C:\\xampp\\htdocs\\YCcenter\\vendor\\psy\\psysh\\src\\Shell.php(1342): Psy\\Shell->setCode('\\n\\\\ = \\\\App\\\\Model...', true)
#5 C:\\xampp\\htdocs\\YCcenter\\vendor\\laravel\\tinker\\src\\Console\\TinkerCommand.php(76): Psy\\Shell->execute('\\n\\\\ = \\\\App\\\\Model...')
#6 C:\\xampp\\htdocs\\YCcenter\\vendor\\laravel\\framework\\src\\Illuminate\\Container\\BoundMethod.php(36): Laravel\\Tinker\\Console\\TinkerCommand->handle()
#7 C:\\xampp\\htdocs\\YCcenter\\vendor\\laravel\\framework\\src\\Illuminate\\Container\\Util.php(41): Illuminate\\Container\\BoundMethod::Illuminate\\Container\\{closure}()
#8 C:\\xampp\\htdocs\\YCcenter\\vendor\\laravel\\framework\\src\\Illuminate\\Container\\BoundMethod.php(93): Illuminate\\Container\\Util::unwrapIfClosure(Object(Closure))
#9 C:\\xampp\\htdocs\\YCcenter\\vendor\\laravel\\framework\\src\\Illuminate\\Container\\BoundMethod.php(35): Illuminate\\Container\\BoundMethod::callBoundMethod(Object(Illuminate\\Foundation\\Application), Array, Object(Closure))
#10 C:\\xampp\\htdocs\\YCcenter\\vendor\\laravel\\framework\\src\\Illuminate\\Container\\Container.php(662): Illuminate\\Container\\BoundMethod::call(Object(Illuminate\\Foundation\\Application), Array, Array, NULL)
#11 C:\\xampp\\htdocs\\YCcenter\\vendor\\laravel\\framework\\src\\Illuminate\\Console\\Command.php(212): Illuminate\\Container\\Container->call(Array)
#12 C:\\xampp\\htdocs\\YCcenter\\vendor\\symfony\\console\\Command\\Command.php(279): Illuminate\\Console\\Command->execute(Object(Symfony\\Component\\Console\\Input\\ArgvInput), Object(Illuminate\\Console\\OutputStyle))
#13 C:\\xampp\\htdocs\\YCcenter\\vendor\\laravel\\framework\\src\\Illuminate\\Console\\Command.php(181): Symfony\\Component\\Console\\Command\\Command->run(Object(Symfony\\Component\\Console\\Input\\ArgvInput), Object(Illuminate\\Console\\OutputStyle))
#14 C:\\xampp\\htdocs\\YCcenter\\vendor\\symfony\\console\\Application.php(1049): Illuminate\\Console\\Command->run(Object(Symfony\\Component\\Console\\Input\\ArgvInput), Object(Symfony\\Component\\Console\\Output\\ConsoleOutput))
#15 C:\\xampp\\htdocs\\YCcenter\\vendor\\symfony\\console\\Application.php(318): Symfony\\Component\\Console\\Application->doRunCommand(Object(Laravel\\Tinker\\Console\\TinkerCommand), Object(Symfony\\Component\\Console\\Input\\ArgvInput), Object(Symfony\\Component\\Console\\Output\\ConsoleOutput))
#16 C:\\xampp\\htdocs\\YCcenter\\vendor\\symfony\\console\\Application.php(169): Symfony\\Component\\Console\\Application->doRun(Object(Symfony\\Component\\Console\\Input\\ArgvInput), Object(Symfony\\Component\\Console\\Output\\ConsoleOutput))
#17 C:\\xampp\\htdocs\\YCcenter\\vendor\\laravel\\framework\\src\\Illuminate\\Foundation\\Console\\Kernel.php(196): Symfony\\Component\\Console\\Application->run(Object(Symfony\\Component\\Console\\Input\\ArgvInput), Object(Symfony\\Component\\Console\\Output\\ConsoleOutput))
#18 C:\\xampp\\htdocs\\YCcenter\\artisan(35): Illuminate\\Foundation\\Console\\Kernel->handle(Object(Symfony\\Component\\Console\\Input\\ArgvInput), Object(Symfony\\Component\\Console\\Output\\ConsoleOutput))
#19 {main}
"} 
[2026-05-19 13:29:26] local.INFO: Search request (index) {"query":"Fitness center","city_id":null,"subcategory_id":null,"category_id":null} 
[2026-05-19 13:29:26] local.DEBUG: Search SQL {"sql":"select `businesses`.*, (select count(*) from `users` where `businesses`.`claimed_by` = `users`.`id` and exists (select * from `subscriptions` where `users`.`id` = `subscriptions`.`user_id` and `status` = ? and (`ends_at` is null or `ends_at` > ?))) as `has_active_subscription`, businesses.*,
                    CASE WHEN businesses.latitude IS NOT NULL AND businesses.longitude IS NOT NULL THEN (6371 * acos(
                        cos(radians(?)) * cos(radians(businesses.latitude)) * cos(radians(businesses.longitude) - radians(?)) +
                        sin(radians(?)) * sin(radians(businesses.latitude))
                    )) ELSE NULL END as km,
                    CASE WHEN businesses.latitude IS NOT NULL AND businesses.longitude IS NOT NULL AND (6371 * acos(
                        cos(radians(?)) * cos(radians(businesses.latitude)) * cos(radians(businesses.longitude) - radians(?)) +
                        sin(radians(?)) * sin(radians(businesses.latitude))
                    )) <= 5 THEN 0 ELSE 1 END as nearby_subscribed_priority, 
                    businesses.*, 
                    CASE 
                        WHEN businesses.latitude IS NOT NULL AND businesses.longitude IS NOT NULL THEN
                            (6371 * acos(
                                cos(radians(?)) * 
                                cos(radians(businesses.latitude)) * 
                                cos(radians(businesses.longitude) - radians(?)) + 
                                sin(radians(?)) * 
                                sin(radians(businesses.latitude))
                            ))
                        ELSE NULL 
                    END AS actual_distance,
                    CASE 
                        WHEN businesses.latitude IS NOT NULL AND businesses.longitude IS NOT NULL THEN 0
                        ELSE CASE WHEN EXISTS (SELECT 1 FROM area_zipcode az JOIN zipcodes z ON az.zipcode_id = z.id WHERE az.area_id = businesses.area_id AND z.code = ?) THEN 0 WHEN businesses.area_id = ? THEN 1 WHEN areas.city_id = ? THEN 2 WHEN cities.state_id = ? THEN 3 ELSE 4 END
                    END AS location_priority
                 from `businesses` left join `areas` on `businesses`.`area_id` = `areas`.`id` left join `cities` on `areas`.`city_id` = `cities`.`id` where `businesses`.`status` = ? and `businesses`.`subcategory_id` = ? order by nearby_subscribed_priority ASC,
                    CASE WHEN nearby_subscribed_priority = 0 THEN km
                         WHEN businesses.latitude IS NOT NULL AND businesses.longitude IS NOT NULL THEN km + 70
                         ELSE location_priority + 1000 END ASC, has_active_subscription DESC","bindings":["active","2026-05-19 13:29:26",18.439901852444827,73.90617112261731,18.439901852444827,18.439901852444827,73.90617112261731,18.439901852444827,18.439901852444827,73.90617112261731,18.439901852444827,"411060",447948,69985,100,"active",171601]} 
[2026-05-19 13:31:19] local.INFO: Razorpay initialization {"key_starts_with":"rzp_te...","key_length":23,"secret_length":24} 
[2026-05-19 13:31:20] local.INFO: Starting Razorpay checkout process {"plan_id":1,"user_id":132,"amount":"10.00","receipt_id":"sub_KPFuqUE5kw"} 
[2026-05-19 13:31:20] local.INFO: Creating Razorpay order {"amount":"10.00","receipt":"sub_KPFuqUE5kw"} 
[2026-05-19 13:31:20] local.INFO: Razorpay order created {"order_id":"order_SrEwoAGzk4sRJF"} 
[2026-05-19 13:31:20] local.INFO: Razorpay order_created logged {"payment_id":"order_SrEwoAGzk4sRJF","order_id":null,"entity_type":null,"entity_id":null} 
[2026-05-19 13:31:20] local.INFO: Razorpay order created in controller {"order_data":{"id":"order_SrEwoAGzk4sRJF","amount":1000,"currency":"INR","receipt":"sub_KPFuqUE5kw","status":"created","created_at":1779197491}} 
[2026-05-19 13:31:20] local.DEBUG: Passing data to razorpay.checkout view {"plan_id":1,"user_id":132,"razorpay_key_check":"Key Found","amount_paise":1000.0,"currency":"INR","generated_order_id":"order_SrEwoAGzk4sRJF","receipt_id":"sub_KPFuqUE5kw"} 
[2026-05-19 13:31:48] local.INFO: Razorpay initialization {"key_starts_with":"rzp_te...","key_length":23,"secret_length":24} 
[2026-05-19 13:31:48] local.INFO: Verifying Razorpay signature {"payment_id":"pay_SrEwyl4epm5Kc9","order_id":"order_SrEwoAGzk4sRJF"} 
[2026-05-19 13:31:48] local.INFO: Razorpay signature verified successfully  
[2026-05-19 13:31:48] local.INFO: Razorpay payment_success logged {"payment_id":"pay_SrEwyl4epm5Kc9","order_id":"order_SrEwoAGzk4sRJF","entity_type":null,"entity_id":null} 
[2026-05-19 13:31:48] local.INFO: Fetching Razorpay payment {"payment_id":"pay_SrEwyl4epm5Kc9"} 
[2026-05-19 13:31:49] local.INFO: Razorpay payment fetched successfully  
[2026-05-19 13:32:13] local.ERROR: Failed to send subscription purchase emails {"error":"Failed to authenticate on SMTP server with username \"info@youthcentral.co\" using the following authenticators: \"LOGIN\", \"XOAUTH2\". Authenticator \"LOGIN\" returned \"Expected response code \"235\" but got code \"535\", with message \"535 5.7.139 Authentication unsuccessful, SmtpClientAuthentication is disabled for the Tenant. Visit https://aka.ms/smtp_auth_disabled for more information. [PN3PR01CA0177.INDPRD01.PROD.OUTLOOK.COM 2026-05-19T13:32:09.816Z 08DEB52056BFB6FE]\".\". Authenticator \"XOAUTH2\" returned \"Expected response code \"235\" but got code \"535\", with message \"535 5.7.139 Authentication unsuccessful, SmtpClientAuthentication is disabled for the Tenant. Visit https://aka.ms/smtp_auth_disabled for more information. [PN3PR01CA0177.INDPRD01.PROD.OUTLOOK.COM 2026-05-19T13:32:19.984Z 08DEB52056BFB6FE]\".\".","subscription_id":18,"user_id":132} 
[2026-05-19 13:32:14] local.INFO: Razorpay initialization {"key_starts_with":"rzp_te...","key_length":23,"secret_length":24} 
